<?xml version="1.0" encoding="UTF-8"?>
<!-- Generated by org.testng.reporters.JUnitReportReporter -->
<testsuite hostname="DESKTOP-MIL71NJ" failures="0" tests="1" name="RunnerClass.FeatureRunnerTest" time="53.654" errors="0" timestamp="2022-02-22T19:46:09 IST" skipped="0">
  <testcase classname="RunnerClass.FeatureRunnerTest" name="scenario" time="53.654"/>
  <system-out/>
</testsuite> <!-- RunnerClass.FeatureRunnerTest -->
